[35m[Appium][39m Welcome to Appium v2.4.1
[35m[Appium][39m Non-default server args:
[35m[Appium][39m { basePath: [32m'/wd/hub'[39m, loglevel: [32m'info'[39m, port: [33m65105[39m }
[35m[Appium][39m Attempting to load driver uiautomator2...
[35m[Appium][39m Appium REST http interface listener started on http://0.0.0.0:65105/wd/hub
[35m[Appium][39m You can provide the following URLs in your client code to connect to this server:
[35m[Appium][39m 	http://172.25.112.1:65105/wd/hub
[35m[Appium][39m 	http://192.168.91.251:65105/wd/hub
[35m[Appium][39m 	http://127.0.0.1:65105/wd/hub (only accessible from the same host)
[35m[Appium][39m Available drivers:
[35m[Appium][39m   - uiautomator2@2.42.0 (automationName 'UiAutomator2')
[35m[Appium][39m No plugins have been installed. Use the "appium plugin" command to install the one(s) you want to use.
[38;5;0m[HTTP][0m [37m-->[39m [37mGET[39m [37m/wd/hub/status[39m
[38;5;0m[HTTP][0m [90m{}[39m
[38;5;0m[HTTP][0m [37m<-- GET /wd/hub/status [39m[32m200[39m [90m7 ms - 110[39m
[38;5;0m[HTTP][0m [90m[39m
[38;5;0m[HTTP][0m [37m-->[39m [37mGET[39m [37m/wd/hub/status[39m
[38;5;0m[HTTP][0m [90m{}[39m
[38;5;0m[HTTP][0m [37m<-- GET /wd/hub/status [39m[32m200[39m [90m1 ms - 110[39m
[38;5;0m[HTTP][0m [90m[39m
[38;5;0m[HTTP][0m [37m-->[39m [37mPOST[39m [37m/wd/hub/session[39m
[38;5;0m[HTTP][0m [90m{"desiredCapabilities":{"appium:systemPort":8297,"appium:udid":"668065f6","appium:autoGrantPermissions":true,"appium:newCommandTimeout":1800,"appium:platformName":"ANDROID","appium:appActivity":".Settings","appium:deviceName":"Xiaomi 23021RAAEG (Android 14)","platformName":"Android","appium:automationName":"uiautomator2","appium:platformVersion":"14","appium:appPackage":"com.android.settings"},"capabilities":{"firstMatch":[{"appium:appActivity":".Settings","appium:appPackage":"com.android.settings","appium:autoGrantPermissions":true,"appium:automationName":"uiautomator2","appium:deviceName":"Xiaomi 23021RAAEG (Android 14)","appium:newCommandTimeout":1800,"appium:platformName":"ANDROID","appium:platformVersion":"14","appium:systemPort":8297,"appium:udid":"668065f6","platformName":"android"}]}}[39m
[38;5;32m[BaseDriver][0m Ignoring capability 'appium:platformName=ANDROID' and using capability 'platformName=android'
[38;5;32m[BaseDriver][0m The capabilities ["platformName"] are standard capabilities and do not require "appium:" prefix
[35m[Appium][39m Attempting to find matching driver for automationName 'uiautomator2' and platformName 'android'
[35m[Appium][39m The 'uiautomator2' driver was installed and matched caps.
[35m[Appium][39m Will require it at C:\Users\HP\.appium\node_modules\appium-uiautomator2-driver
[38;5;16m[AppiumDriver@9610][0m Appium v2.4.1 creating new AndroidUiautomator2Driver (v2.42.0) session
[38;5;16m[AppiumDriver@9610][0m Checking BaseDriver versions for Appium and AndroidUiautomator2Driver
[38;5;16m[AppiumDriver@9610][0m Appium's BaseDriver version is 9.5.0
[38;5;16m[AppiumDriver@9610][0m AndroidUiautomator2Driver's BaseDriver version is 9.5.0
[38;5;48m[AndroidUiautomator2Driver@4e3c (608d4569)][0m Session created with session id: 608d4569-6db4-446c-a7b5-888974adad92
[38;5;48m[AndroidUiautomator2Driver@4e3c (608d4569)][0m Starting 'com.android.settings' directly on the device
[38;5;64m[ADB][0m Found 1 'build-tools' folders under 'C:\Users\HP\.katalon\tools\android_sdk' (newest first):
[38;5;64m[ADB][0m     C:\Users\HP\.katalon\tools\android_sdk\build-tools\29.0.3
[38;5;64m[ADB][0m Using 'adb.exe' from 'C:\Users\HP\.katalon\tools\android_sdk\platform-tools\adb.exe'
[38;5;80m[AndroidDriver][0m Retrieving device list
[38;5;80m[AndroidDriver][0m Using device: 668065f6
[38;5;64m[ADB][0m Using 'adb.exe' from 'C:\Users\HP\.katalon\tools\android_sdk\platform-tools\adb.exe'
[38;5;64m[ADB][0m Getting device platform version
[38;5;48m[AndroidUiautomator2Driver@4e3c (608d4569)][0m Relaxing hidden api policy
[38;5;80m[AndroidDriver][0m No app sent in, not parsing package/activity
[38;5;64m[ADB][0m Using 'apksigner.jar' from 'C:\Users\HP\.katalon\tools\android_sdk\build-tools\29.0.3\lib\apksigner.jar'
[38;5;64m[ADB][0m 'C:\Users\HP\.appium\node_modules\appium-uiautomator2-driver\node_modules\appium-uiautomator2-server\apks\appium-uiautomator2-server-debug-androidTest.apk' is signed with the default certificate
[38;5;64m[ADB][0m 'C:\Users\HP\.appium\node_modules\appium-uiautomator2-driver\node_modules\appium-uiautomator2-server\apks\appium-uiautomator2-server-v6.0.3.apk' is signed with the default certificate
[38;5;48m[AndroidUiautomator2Driver@4e3c (608d4569)][0m Server packages are not going to be (re)installed
[38;5;64m[ADB][0m Adding packages ["io.appium.settings","io.appium.uiautomator2.server","io.appium.uiautomator2.server.test"] to Doze whitelist
[38;5;48m[AndroidUiautomator2Driver@4e3c (608d4569)][0m Starting UIAutomator2 server 6.0.3
[38;5;48m[AndroidUiautomator2Driver@4e3c (608d4569)][0m Using UIAutomator2 server from 'C:\Users\HP\.appium\node_modules\appium-uiautomator2-driver\node_modules\appium-uiautomator2-server\apks\appium-uiautomator2-server-v6.0.3.apk' and test from 'C:\Users\HP\.appium\node_modules\appium-uiautomator2-driver\node_modules\appium-uiautomator2-server\apks\appium-uiautomator2-server-debug-androidTest.apk'
[38;5;48m[AndroidUiautomator2Driver@4e3c (608d4569)][0m Waiting up to 30000ms for UiAutomator2 to be online...
[38;5;48m[AndroidUiautomator2Driver@4e3c (608d4569)][0m socket hang up
[38;5;48m[AndroidUiautomator2Driver@4e3c (608d4569)][0m socket hang up
[38;5;48m[AndroidUiautomator2Driver@4e3c (608d4569)][0m socket hang up
[38;5;48m[AndroidUiautomator2Driver@4e3c (608d4569)][0m Determined the downstream protocol as 'W3C'
[38;5;80m[AndroidDriver][0m Screen already unlocked, doing nothing
[38;5;48m[AndroidUiautomator2Driver@4e3c (608d4569)][0m Starting 'com.android.settings/.Settings and waiting for 'com.android.settings/.Settings'
[38;5;16m[AppiumDriver@9610][0m New AndroidUiautomator2Driver session created successfully, session 608d4569-6db4-446c-a7b5-888974adad92 added to master session list
[38;5;0m[HTTP][0m [37m<-- POST /wd/hub/session [39m[32m200[39m [90m10439 ms - 1076[39m
[38;5;0m[HTTP][0m [90m[39m
[38;5;0m[HTTP][0m [37m-->[39m [37mGET[39m [37m/wd/hub/session/608d4569-6db4-446c-a7b5-888974adad92[39m
[38;5;0m[HTTP][0m [90m{}[39m
[38;5;0m[HTTP][0m [37m<-- GET /wd/hub/session/608d4569-6db4-446c-a7b5-888974adad92 [39m[32m200[39m [90m17 ms - 310[39m
[38;5;0m[HTTP][0m [90m[39m
[38;5;0m[HTTP][0m [37m-->[39m [37mGET[39m [37m/wd/hub/session/608d4569-6db4-446c-a7b5-888974adad92[39m
[38;5;0m[HTTP][0m [90m{}[39m
[38;5;0m[HTTP][0m [37m<-- GET /wd/hub/session/608d4569-6db4-446c-a7b5-888974adad92 [39m[32m200[39m [90m16 ms - 310[39m
[38;5;0m[HTTP][0m [90m[39m
[38;5;0m[HTTP][0m [37m-->[39m [37mGET[39m [37m/wd/hub/status[39m
[38;5;0m[HTTP][0m [90m{}[39m
[38;5;0m[HTTP][0m [37m<-- GET /wd/hub/status [39m[32m200[39m [90m1 ms - 110[39m
[38;5;0m[HTTP][0m [90m[39m
[38;5;0m[HTTP][0m [37m-->[39m [37mPOST[39m [37m/wd/hub/session/608d4569-6db4-446c-a7b5-888974adad92/timeouts[39m
[38;5;0m[HTTP][0m [90m{"implicit":60000}[39m
[38;5;0m[HTTP][0m [37m<-- POST /wd/hub/session/608d4569-6db4-446c-a7b5-888974adad92/timeouts [39m[32m200[39m [90m3 ms - 14[39m
[38;5;0m[HTTP][0m [90m[39m
[38;5;0m[HTTP][0m [37m-->[39m [37mGET[39m [37m/wd/hub/session/608d4569-6db4-446c-a7b5-888974adad92/appium/device/system_bars[39m
[38;5;0m[HTTP][0m [90m{}[39m
[38;5;0m[HTTP][0m [37m<-- GET /wd/hub/session/608d4569-6db4-446c-a7b5-888974adad92/appium/device/system_bars [39m[32m200[39m [90m120 ms - 151[39m
[38;5;0m[HTTP][0m [90m[39m
[38;5;0m[HTTP][0m [37m-->[39m [37mPOST[39m [37m/wd/hub/session/608d4569-6db4-446c-a7b5-888974adad92/appium/device/activate_app[39m
[38;5;0m[HTTP][0m [90m{"bundleId":"com.truecaller"}[39m
[38;5;0m[HTTP][0m [37m<-- POST /wd/hub/session/608d4569-6db4-446c-a7b5-888974adad92/appium/device/activate_app [39m[32m200[39m [90m202 ms - 14[39m
[38;5;0m[HTTP][0m [90m[39m
[38;5;0m[HTTP][0m [37m-->[39m [37mGET[39m [37m/wd/hub/session/608d4569-6db4-446c-a7b5-888974adad92/source[39m
[38;5;0m[HTTP][0m [90m{}[39m
[38;5;48m[AndroidUiautomator2Driver@4e3c (608d4569)][0m Driver proxy active, passing request on via HTTP proxy
[38;5;48m[AndroidUiautomator2Driver@4e3c (608d4569)][0m Replacing sessionId 71127a1d-43a5-40c5-8932-34fb9f779085 with 608d4569-6db4-446c-a7b5-888974adad92
[38;5;0m[HTTP][0m [37m<-- GET /wd/hub/session/608d4569-6db4-446c-a7b5-888974adad92/source [39m[32m200[39m [90m211 ms - 8006[39m
[38;5;0m[HTTP][0m [90m[39m
[38;5;0m[HTTP][0m [37m-->[39m [37mGET[39m [37m/wd/hub/session/608d4569-6db4-446c-a7b5-888974adad92/screenshot[39m
[38;5;0m[HTTP][0m [90m{}[39m
[38;5;0m[HTTP][0m [37m<-- GET /wd/hub/session/608d4569-6db4-446c-a7b5-888974adad92/screenshot [39m[32m200[39m [90m883 ms - 136864[39m
[38;5;0m[HTTP][0m [90m[39m
[38;5;0m[HTTP][0m [37m-->[39m [37mGET[39m [37m/wd/hub/session/608d4569-6db4-446c-a7b5-888974adad92/contexts[39m
[38;5;0m[HTTP][0m [90m{}[39m
[38;5;0m[HTTP][0m [37m<-- GET /wd/hub/session/608d4569-6db4-446c-a7b5-888974adad92/contexts [39m[32m200[39m [90m291 ms - 24[39m
[38;5;0m[HTTP][0m [90m[39m
[38;5;0m[HTTP][0m [37m-->[39m [37mPOST[39m [37m/wd/hub/session/608d4569-6db4-446c-a7b5-888974adad92/context[39m
[38;5;0m[HTTP][0m [90m{"name":"NATIVE_APP"}[39m
[38;5;0m[HTTP][0m [37m<-- POST /wd/hub/session/608d4569-6db4-446c-a7b5-888974adad92/context [39m[32m200[39m [90m3 ms - 14[39m
[38;5;0m[HTTP][0m [90m[39m
[38;5;0m[HTTP][0m [37m-->[39m [37mGET[39m [37m/wd/hub/session/608d4569-6db4-446c-a7b5-888974adad92/source[39m
[38;5;0m[HTTP][0m [90m{}[39m
[38;5;48m[AndroidUiautomator2Driver@4e3c (608d4569)][0m Driver proxy active, passing request on via HTTP proxy
[38;5;48m[AndroidUiautomator2Driver@4e3c (608d4569)][0m Replacing sessionId 71127a1d-43a5-40c5-8932-34fb9f779085 with 608d4569-6db4-446c-a7b5-888974adad92
[38;5;0m[HTTP][0m [37m<-- GET /wd/hub/session/608d4569-6db4-446c-a7b5-888974adad92/source [39m[32m200[39m [90m1321 ms - 67869[39m
[38;5;0m[HTTP][0m [90m[39m
[38;5;0m[HTTP][0m [37m-->[39m [37mGET[39m [37m/wd/hub/session/608d4569-6db4-446c-a7b5-888974adad92/screenshot[39m
[38;5;0m[HTTP][0m [90m{}[39m
[38;5;0m[HTTP][0m [37m<-- GET /wd/hub/session/608d4569-6db4-446c-a7b5-888974adad92/screenshot [39m[32m200[39m [90m1312 ms - 1166336[39m
[38;5;0m[HTTP][0m [90m[39m
[38;5;0m[HTTP][0m [37m-->[39m [37mPOST[39m [37m/wd/hub/session/608d4569-6db4-446c-a7b5-888974adad92/elements[39m
[38;5;0m[HTTP][0m [90m{"using":"xpath","value":"//*[@class = 'android.view.ViewGroup' and (@text = '' or . = '')]"}[39m
[38;5;0m[HTTP][0m [37m<-- POST /wd/hub/session/608d4569-6db4-446c-a7b5-888974adad92/elements [39m[32m200[39m [90m2845 ms - 3467[39m
[38;5;0m[HTTP][0m [90m[39m
[38;5;0m[HTTP][0m [37m-->[39m [37mPOST[39m [37m/wd/hub/session/608d4569-6db4-446c-a7b5-888974adad92/elements[39m
[38;5;0m[HTTP][0m [90m{"using":"-android uiautomator","value":"new UiSelector().className(\"android.view.ViewGroup\")"}[39m
[38;5;0m[HTTP][0m [37m<-- POST /wd/hub/session/608d4569-6db4-446c-a7b5-888974adad92/elements [39m[32m200[39m [90m1577 ms - 3467[39m
[38;5;0m[HTTP][0m [90m[39m
[38;5;0m[HTTP][0m [37m-->[39m [37mGET[39m [37m/wd/hub/session/608d4569-6db4-446c-a7b5-888974adad92/window/rect[39m
[38;5;0m[HTTP][0m [90m{}[39m
[38;5;0m[HTTP][0m [37m<-- GET /wd/hub/session/608d4569-6db4-446c-a7b5-888974adad92/window/rect [39m[32m200[39m [90m29 ms - 50[39m
[38;5;0m[HTTP][0m [90m[39m
[38;5;0m[HTTP][0m [37m-->[39m [37mPOST[39m [37m/wd/hub/session/608d4569-6db4-446c-a7b5-888974adad92/elements[39m
[38;5;0m[HTTP][0m [90m{"using":"xpath","value":"//hierarchy/android.widget.FrameLayout[1]/android.widget.LinearLayout[1]/android.widget.FrameLayout[1]/android.widget.FrameLayout[1]/android.widget.FrameLayout[1]/android.view.ViewGroup[1]/android.view.ViewGroup[1]/android.widget.FrameLayout[2]/android.view.ViewGroup[1]"}[39m
[38;5;0m[HTTP][0m [37m<-- POST /wd/hub/session/608d4569-6db4-446c-a7b5-888974adad92/elements [39m[32m200[39m [90m918 ms - 139[39m
[38;5;0m[HTTP][0m [90m[39m
[38;5;0m[HTTP][0m [37m-->[39m [37mGET[39m [37m/wd/hub/session/608d4569-6db4-446c-a7b5-888974adad92/element/00000000-0000-0101-ffff-ffff0000005e/location[39m
[38;5;0m[HTTP][0m [90m{}[39m
[38;5;48m[AndroidUiautomator2Driver@4e3c (608d4569)][0m Driver proxy active, passing request on via HTTP proxy
[38;5;48m[AndroidUiautomator2Driver@4e3c (608d4569)][0m Replacing sessionId 71127a1d-43a5-40c5-8932-34fb9f779085 with 608d4569-6db4-446c-a7b5-888974adad92
[38;5;0m[HTTP][0m [37m<-- GET /wd/hub/session/608d4569-6db4-446c-a7b5-888974adad92/element/00000000-0000-0101-ffff-ffff0000005e/location [39m[32m200[39m [90m50 ms - 79[39m
[38;5;0m[HTTP][0m [90m[39m
[38;5;0m[HTTP][0m [37m-->[39m [37mPOST[39m [37m/wd/hub/session/608d4569-6db4-446c-a7b5-888974adad92/element/00000000-0000-0101-ffff-ffff0000005e/click[39m
[38;5;0m[HTTP][0m [90m{"id":"00000000-0000-0101-ffff-ffff0000005e"}[39m
[38;5;0m[HTTP][0m [37m<-- POST /wd/hub/session/608d4569-6db4-446c-a7b5-888974adad92/element/00000000-0000-0101-ffff-ffff0000005e/click [39m[32m200[39m [90m112 ms - 14[39m
[38;5;0m[HTTP][0m [90m[39m
[38;5;0m[HTTP][0m [37m-->[39m [37mGET[39m [37m/wd/hub/session/608d4569-6db4-446c-a7b5-888974adad92/source[39m
[38;5;0m[HTTP][0m [90m{}[39m
[38;5;48m[AndroidUiautomator2Driver@4e3c (608d4569)][0m Driver proxy active, passing request on via HTTP proxy
[38;5;48m[AndroidUiautomator2Driver@4e3c (608d4569)][0m Replacing sessionId 71127a1d-43a5-40c5-8932-34fb9f779085 with 608d4569-6db4-446c-a7b5-888974adad92
[38;5;0m[HTTP][0m [37m<-- GET /wd/hub/session/608d4569-6db4-446c-a7b5-888974adad92/source [39m[32m200[39m [90m1777 ms - 55858[39m
[38;5;0m[HTTP][0m [90m[39m
[38;5;0m[HTTP][0m [37m-->[39m [37mGET[39m [37m/wd/hub/session/608d4569-6db4-446c-a7b5-888974adad92/screenshot[39m
[38;5;0m[HTTP][0m [90m{}[39m
[38;5;0m[HTTP][0m [37m<-- GET /wd/hub/session/608d4569-6db4-446c-a7b5-888974adad92/screenshot [39m[32m200[39m [90m883 ms - 375824[39m
[38;5;0m[HTTP][0m [90m[39m
[38;5;0m[HTTP][0m [37m-->[39m [37mPOST[39m [37m/wd/hub/session/608d4569-6db4-446c-a7b5-888974adad92/elements[39m
[38;5;0m[HTTP][0m [90m{"using":"xpath","value":"//*[@class = 'android.widget.FrameLayout' and @resource-id = 'com.truecaller:id/floating_action_button' and (@text = '' or . = '')]"}[39m
[38;5;0m[HTTP][0m [37m<-- POST /wd/hub/session/608d4569-6db4-446c-a7b5-888974adad92/elements [39m[32m200[39m [90m963 ms - 139[39m
[38;5;0m[HTTP][0m [90m[39m
[38;5;0m[HTTP][0m [37m-->[39m [37mGET[39m [37m/wd/hub/session/608d4569-6db4-446c-a7b5-888974adad92/window/rect[39m
[38;5;0m[HTTP][0m [90m{}[39m
[38;5;0m[HTTP][0m [37m<-- GET /wd/hub/session/608d4569-6db4-446c-a7b5-888974adad92/window/rect [39m[32m200[39m [90m36 ms - 50[39m
[38;5;0m[HTTP][0m [90m[39m
[38;5;0m[HTTP][0m [37m-->[39m [37mPOST[39m [37m/wd/hub/session/608d4569-6db4-446c-a7b5-888974adad92/elements[39m
[38;5;0m[HTTP][0m [90m{"using":"xpath","value":"//*[@class = 'android.widget.FrameLayout' and @resource-id = 'com.truecaller:id/floating_action_button' and (@text = '' or . = '')]"}[39m
[38;5;0m[HTTP][0m [37m<-- POST /wd/hub/session/608d4569-6db4-446c-a7b5-888974adad92/elements [39m[32m200[39m [90m1012 ms - 139[39m
[38;5;0m[HTTP][0m [90m[39m
[38;5;0m[HTTP][0m [37m-->[39m [37mGET[39m [37m/wd/hub/session/608d4569-6db4-446c-a7b5-888974adad92/element/00000000-0000-0101-ffff-ffff00000050/location[39m
[38;5;0m[HTTP][0m [90m{}[39m
[38;5;48m[AndroidUiautomator2Driver@4e3c (608d4569)][0m Driver proxy active, passing request on via HTTP proxy
[38;5;48m[AndroidUiautomator2Driver@4e3c (608d4569)][0m Replacing sessionId 71127a1d-43a5-40c5-8932-34fb9f779085 with 608d4569-6db4-446c-a7b5-888974adad92
[38;5;0m[HTTP][0m [37m<-- GET /wd/hub/session/608d4569-6db4-446c-a7b5-888974adad92/element/00000000-0000-0101-ffff-ffff00000050/location [39m[32m200[39m [90m42 ms - 75[39m
[38;5;0m[HTTP][0m [90m[39m
[38;5;0m[HTTP][0m [37m-->[39m [37mPOST[39m [37m/wd/hub/session/608d4569-6db4-446c-a7b5-888974adad92/element/00000000-0000-0101-ffff-ffff00000050/click[39m
[38;5;0m[HTTP][0m [90m{"id":"00000000-0000-0101-ffff-ffff00000050"}[39m
[38;5;0m[HTTP][0m [37m<-- POST /wd/hub/session/608d4569-6db4-446c-a7b5-888974adad92/element/00000000-0000-0101-ffff-ffff00000050/click [39m[32m200[39m [90m104 ms - 14[39m
[38;5;0m[HTTP][0m [90m[39m
[38;5;0m[HTTP][0m [37m-->[39m [37mGET[39m [37m/wd/hub/session/608d4569-6db4-446c-a7b5-888974adad92/source[39m
[38;5;0m[HTTP][0m [90m{}[39m
[38;5;48m[AndroidUiautomator2Driver@4e3c (608d4569)][0m Driver proxy active, passing request on via HTTP proxy
[38;5;48m[AndroidUiautomator2Driver@4e3c (608d4569)][0m Replacing sessionId 71127a1d-43a5-40c5-8932-34fb9f779085 with 608d4569-6db4-446c-a7b5-888974adad92
[38;5;0m[HTTP][0m [37m<-- GET /wd/hub/session/608d4569-6db4-446c-a7b5-888974adad92/source [39m[32m200[39m [90m1148 ms - 14448[39m
[38;5;0m[HTTP][0m [90m[39m
[38;5;0m[HTTP][0m [37m-->[39m [37mGET[39m [37m/wd/hub/session/608d4569-6db4-446c-a7b5-888974adad92/screenshot[39m
[38;5;0m[HTTP][0m [90m{}[39m
[38;5;0m[HTTP][0m [37m<-- GET /wd/hub/session/608d4569-6db4-446c-a7b5-888974adad92/screenshot [39m[32m200[39m [90m1264 ms - 362452[39m
[38;5;0m[HTTP][0m [90m[39m
[38;5;0m[HTTP][0m [37m-->[39m [37mPOST[39m [37m/wd/hub/session/608d4569-6db4-446c-a7b5-888974adad92/elements[39m
[38;5;0m[HTTP][0m [90m{"using":"xpath","value":"//*[@class = 'android.widget.ImageButton' and (@text = '' or . = '')]"}[39m
[38;5;0m[HTTP][0m [37m<-- POST /wd/hub/session/608d4569-6db4-446c-a7b5-888974adad92/elements [39m[32m200[39m [90m365 ms - 267[39m
[38;5;0m[HTTP][0m [90m[39m
[38;5;0m[HTTP][0m [37m-->[39m [37mPOST[39m [37m/wd/hub/session/608d4569-6db4-446c-a7b5-888974adad92/elements[39m
[38;5;0m[HTTP][0m [90m{"using":"accessibility id","value":"Navigate up"}[39m
[38;5;0m[HTTP][0m [37m<-- POST /wd/hub/session/608d4569-6db4-446c-a7b5-888974adad92/elements [39m[32m200[39m [90m96 ms - 139[39m
[38;5;0m[HTTP][0m [90m[39m
[38;5;0m[HTTP][0m [37m-->[39m [37mGET[39m [37m/wd/hub/session/608d4569-6db4-446c-a7b5-888974adad92/window/rect[39m
[38;5;0m[HTTP][0m [90m{}[39m
[38;5;0m[HTTP][0m [37m<-- GET /wd/hub/session/608d4569-6db4-446c-a7b5-888974adad92/window/rect [39m[32m200[39m [90m24 ms - 50[39m
[38;5;0m[HTTP][0m [90m[39m
[38;5;0m[HTTP][0m [37m-->[39m [37mPOST[39m [37m/wd/hub/session/608d4569-6db4-446c-a7b5-888974adad92/elements[39m
[38;5;0m[HTTP][0m [90m{"using":"accessibility id","value":"Navigate up"}[39m
[38;5;0m[HTTP][0m [37m<-- POST /wd/hub/session/608d4569-6db4-446c-a7b5-888974adad92/elements [39m[32m200[39m [90m102 ms - 139[39m
[38;5;0m[HTTP][0m [90m[39m
[38;5;0m[HTTP][0m [37m-->[39m [37mGET[39m [37m/wd/hub/session/608d4569-6db4-446c-a7b5-888974adad92/element/00000000-0000-010f-ffff-ffff000004a6/location[39m
[38;5;0m[HTTP][0m [90m{}[39m
[38;5;48m[AndroidUiautomator2Driver@4e3c (608d4569)][0m Driver proxy active, passing request on via HTTP proxy
[38;5;48m[AndroidUiautomator2Driver@4e3c (608d4569)][0m Replacing sessionId 71127a1d-43a5-40c5-8932-34fb9f779085 with 608d4569-6db4-446c-a7b5-888974adad92
[38;5;0m[HTTP][0m [37m<-- GET /wd/hub/session/608d4569-6db4-446c-a7b5-888974adad92/element/00000000-0000-010f-ffff-ffff000004a6/location [39m[32m200[39m [90m39 ms - 75[39m
[38;5;0m[HTTP][0m [90m[39m
[38;5;0m[HTTP][0m [37m-->[39m [37mPOST[39m [37m/wd/hub/session/608d4569-6db4-446c-a7b5-888974adad92/element/00000000-0000-010f-ffff-ffff000004a6/click[39m
[38;5;0m[HTTP][0m [90m{"id":"00000000-0000-010f-ffff-ffff000004a6"}[39m
[38;5;0m[HTTP][0m [37m<-- POST /wd/hub/session/608d4569-6db4-446c-a7b5-888974adad92/element/00000000-0000-010f-ffff-ffff000004a6/click [39m[32m200[39m [90m106 ms - 14[39m
[38;5;0m[HTTP][0m [90m[39m
[38;5;0m[HTTP][0m [37m-->[39m [37mGET[39m [37m/wd/hub/session/608d4569-6db4-446c-a7b5-888974adad92/source[39m
[38;5;0m[HTTP][0m [90m{}[39m
[38;5;48m[AndroidUiautomator2Driver@4e3c (608d4569)][0m Driver proxy active, passing request on via HTTP proxy
[38;5;48m[AndroidUiautomator2Driver@4e3c (608d4569)][0m Replacing sessionId 71127a1d-43a5-40c5-8932-34fb9f779085 with 608d4569-6db4-446c-a7b5-888974adad92
[38;5;0m[HTTP][0m [37m<-- GET /wd/hub/session/608d4569-6db4-446c-a7b5-888974adad92/source [39m[32m200[39m [90m1903 ms - 61502[39m
[38;5;0m[HTTP][0m [90m[39m
[38;5;0m[HTTP][0m [37m-->[39m [37mGET[39m [37m/wd/hub/session/608d4569-6db4-446c-a7b5-888974adad92/screenshot[39m
[38;5;0m[HTTP][0m [90m{}[39m
[38;5;0m[HTTP][0m [37m<-- GET /wd/hub/session/608d4569-6db4-446c-a7b5-888974adad92/screenshot [39m[32m200[39m [90m1041 ms - 466176[39m
[38;5;0m[HTTP][0m [90m[39m
[38;5;0m[HTTP][0m [37m-->[39m [37mGET[39m [37m/wd/hub/session/608d4569-6db4-446c-a7b5-888974adad92/window/rect[39m
[38;5;0m[HTTP][0m [90m{}[39m
[38;5;0m[HTTP][0m [37m<-- GET /wd/hub/session/608d4569-6db4-446c-a7b5-888974adad92/window/rect [39m[32m200[39m [90m33 ms - 50[39m
[38;5;0m[HTTP][0m [90m[39m
[38;5;0m[HTTP][0m [37m-->[39m [37mPOST[39m [37m/wd/hub/session/608d4569-6db4-446c-a7b5-888974adad92/elements[39m
[38;5;0m[HTTP][0m [90m{"using":"xpath","value":"//*[@class = 'android.widget.FrameLayout' and @resource-id = 'com.truecaller:id/floating_action_button' and (@text = '' or . = '')]"}[39m
[38;5;0m[HTTP][0m [37m<-- POST /wd/hub/session/608d4569-6db4-446c-a7b5-888974adad92/elements [39m[32m200[39m [90m834 ms - 139[39m
[38;5;0m[HTTP][0m [90m[39m
[38;5;0m[HTTP][0m [37m-->[39m [37mGET[39m [37m/wd/hub/session/608d4569-6db4-446c-a7b5-888974adad92/element/00000000-0000-0101-ffff-ffff00000050/location[39m
[38;5;0m[HTTP][0m [90m{}[39m
[38;5;48m[AndroidUiautomator2Driver@4e3c (608d4569)][0m Driver proxy active, passing request on via HTTP proxy
[38;5;48m[AndroidUiautomator2Driver@4e3c (608d4569)][0m Replacing sessionId 71127a1d-43a5-40c5-8932-34fb9f779085 with 608d4569-6db4-446c-a7b5-888974adad92
[38;5;0m[HTTP][0m [37m<-- GET /wd/hub/session/608d4569-6db4-446c-a7b5-888974adad92/element/00000000-0000-0101-ffff-ffff00000050/location [39m[32m200[39m [90m57 ms - 75[39m
[38;5;0m[HTTP][0m [90m[39m
[38;5;0m[HTTP][0m [37m-->[39m [37mPOST[39m [37m/wd/hub/session/608d4569-6db4-446c-a7b5-888974adad92/element/00000000-0000-0101-ffff-ffff00000050/click[39m
[38;5;0m[HTTP][0m [90m{"id":"00000000-0000-0101-ffff-ffff00000050"}[39m
[38;5;0m[HTTP][0m [37m<-- POST /wd/hub/session/608d4569-6db4-446c-a7b5-888974adad92/element/00000000-0000-0101-ffff-ffff00000050/click [39m[32m200[39m [90m99 ms - 14[39m
[38;5;0m[HTTP][0m [90m[39m
[38;5;0m[HTTP][0m [37m-->[39m [37mGET[39m [37m/wd/hub/session/608d4569-6db4-446c-a7b5-888974adad92/source[39m
[38;5;0m[HTTP][0m [90m{}[39m
[38;5;48m[AndroidUiautomator2Driver@4e3c (608d4569)][0m Driver proxy active, passing request on via HTTP proxy
[38;5;48m[AndroidUiautomator2Driver@4e3c (608d4569)][0m Replacing sessionId 71127a1d-43a5-40c5-8932-34fb9f779085 with 608d4569-6db4-446c-a7b5-888974adad92
[38;5;0m[HTTP][0m [37m<-- GET /wd/hub/session/608d4569-6db4-446c-a7b5-888974adad92/source [39m[32m200[39m [90m1004 ms - 14448[39m
[38;5;0m[HTTP][0m [90m[39m
[38;5;0m[HTTP][0m [37m-->[39m [37mGET[39m [37m/wd/hub/session/608d4569-6db4-446c-a7b5-888974adad92/screenshot[39m
[38;5;0m[HTTP][0m [90m{}[39m
[38;5;0m[HTTP][0m [37m<-- GET /wd/hub/session/608d4569-6db4-446c-a7b5-888974adad92/screenshot [39m[32m200[39m [90m1334 ms - 363040[39m
[38;5;0m[HTTP][0m [90m[39m
